[  289176ms] [ERROR] WebSocket connection to 'ws://localhost:4322/?token=PPY0SGj5xUck' failed: Error in connection establishment: net::ERR_CONNECTION_REFUSED @ http://localhost:4322/@vite/client:1476
[  289178ms] [ERROR] WebSocket connection to 'ws://localhost:5173/?token=PPY0SGj5xUck' failed: Error in connection establishment: net::ERR_CONNECTION_REFUSED @ http://localhost:4322/@vite/client:1486
[  289178ms] [ERROR] [vite] failed to connect to websocket.
your current setup:
  (browser) localhost:4322/ <--[HTTP]--> localhost:5173/ (server)
  (browser) localhost:4322/ <--[WebSocket (failing)]--> localhost:5173/ (server)
Check out your Vite / network configuration and https://vite.dev/config/server-options.html#server-hmr . @ http://localhost:4322/@vite/client:1496
[  289179ms] [ERROR] Failed to load resource: net::ERR_CONNECTION_REFUSED @ http://localhost:4322/clipboard-history/favicon.svg:0
[  289187ms] [ERROR] [vite] TypeError: Cannot read properties of undefined (reading 'send')
    at Object.send (http://localhost:4322/@vite/client:449:7)
    at Object.send (http://localhost:4322/@vite/client:1512:16)
    at Object.send (http://localhost:4322/@vite/client:318:23)
    at Object.send (http://localhost:4322/@vite/client:396:30)
    at HMRClient.send (http://localhost:4322/@vite/client:157:18)
    at HMRContext.send (http://localhost:4322/@vite/client:119:18)
    at AstroDevToolbar.setAppStatus (http://localhost:4322/node_modules/.vite/deps/toolbar-OWACWLIF.js?v=b22c9922:440:22)
    at http://localhost:4322/node_modules/.vite/deps/toolbar-OWACWLIF.js?v=b22c9922:302:18
    at Array.forEach (<anonymous>)
    at AstroDevToolbar.connectedCallback (http://localhost:4322/node_modules/.vite/deps/toolbar-OWACWLIF.js?v=b22c9922:301:15) @ http://localhost:4322/@vite/client:1540
[  289187ms] [ERROR] [vite] TypeError: Cannot read properties of undefined (reading 'send')
    at Object.send (http://localhost:4322/@vite/client:449:7)
    at Object.send (http://localhost:4322/@vite/client:1512:16)
    at Object.send (http://localhost:4322/@vite/client:318:23)
    at Object.send (http://localhost:4322/@vite/client:396:30)
    at HMRClient.send (http://localhost:4322/@vite/client:157:18)
    at HMRContext.send (http://localhost:4322/@vite/client:119:18)
    at AstroDevToolbar.setAppStatus (http://localhost:4322/node_modules/.vite/deps/toolbar-OWACWLIF.js?v=b22c9922:440:22)
    at http://localhost:4322/node_modules/.vite/deps/toolbar-OWACWLIF.js?v=b22c9922:302:18
    at Array.forEach (<anonymous>)
    at AstroDevToolbar.connectedCallback (http://localhost:4322/node_modules/.vite/deps/toolbar-OWACWLIF.js?v=b22c9922:301:15) @ http://localhost:4322/@vite/client:1540
[  289187ms] [ERROR] [vite] TypeError: Cannot read properties of undefined (reading 'send')
    at Object.send (http://localhost:4322/@vite/client:449:7)
    at Object.send (http://localhost:4322/@vite/client:1512:16)
    at Object.send (http://localhost:4322/@vite/client:318:23)
    at Object.send (http://localhost:4322/@vite/client:396:30)
    at HMRClient.send (http://localhost:4322/@vite/client:157:18)
    at HMRContext.send (http://localhost:4322/@vite/client:119:18)
    at AstroDevToolbar.setAppStatus (http://localhost:4322/node_modules/.vite/deps/toolbar-OWACWLIF.js?v=b22c9922:440:22)
    at http://localhost:4322/node_modules/.vite/deps/toolbar-OWACWLIF.js?v=b22c9922:302:18
    at Array.forEach (<anonymous>)
    at AstroDevToolbar.connectedCallback (http://localhost:4322/node_modules/.vite/deps/toolbar-OWACWLIF.js?v=b22c9922:301:15) @ http://localhost:4322/@vite/client:1540
[  289187ms] [ERROR] [vite] TypeError: Cannot read properties of undefined (reading 'send')
    at Object.send (http://localhost:4322/@vite/client:449:7)
    at Object.send (http://localhost:4322/@vite/client:1512:16)
    at Object.send (http://localhost:4322/@vite/client:318:23)
    at Object.send (http://localhost:4322/@vite/client:396:30)
    at HMRClient.send (http://localhost:4322/@vite/client:157:18)
    at HMRContext.send (http://localhost:4322/@vite/client:119:18)
    at AstroDevToolbar.setAppStatus (http://localhost:4322/node_modules/.vite/deps/toolbar-OWACWLIF.js?v=b22c9922:440:22)
    at http://localhost:4322/node_modules/.vite/deps/toolbar-OWACWLIF.js?v=b22c9922:302:18
    at Array.forEach (<anonymous>)
    at AstroDevToolbar.connectedCallback (http://localhost:4322/node_modules/.vite/deps/toolbar-OWACWLIF.js?v=b22c9922:301:15) @ http://localhost:4322/@vite/client:1540
[  289187ms] [ERROR] [vite] TypeError: Cannot read properties of undefined (reading 'send')
    at Object.send (http://localhost:4322/@vite/client:449:7)
    at Object.send (http://localhost:4322/@vite/client:1512:16)
    at Object.send (http://localhost:4322/@vite/client:318:23)
    at Object.send (http://localhost:4322/@vite/client:396:30)
    at HMRClient.send (http://localhost:4322/@vite/client:157:18)
    at HMRContext.send (http://localhost:4322/@vite/client:119:18)
    at AstroDevToolbar.setAppStatus (http://localhost:4322/node_modules/.vite/deps/toolbar-OWACWLIF.js?v=b22c9922:440:22)
    at http://localhost:4322/node_modules/.vite/deps/toolbar-OWACWLIF.js?v=b22c9922:302:18
    at Array.forEach (<anonymous>)
    at AstroDevToolbar.connectedCallback (http://localhost:4322/node_modules/.vite/deps/toolbar-OWACWLIF.js?v=b22c9922:301:15) @ http://localhost:4322/@vite/client:1540
[  289198ms] [ERROR] [vite] TypeError: Cannot read properties of undefined (reading 'send')
    at Object.send (http://localhost:4322/@vite/client:449:7)
    at Object.send (http://localhost:4322/@vite/client:1512:16)
    at Object.send (http://localhost:4322/@vite/client:318:23)
    at Object.send (http://localhost:4322/@vite/client:396:30)
    at HMRClient.send (http://localhost:4322/@vite/client:157:18)
    at HMRContext.send (http://localhost:4322/@vite/client:119:18)
    at AstroDevToolbar.initApp (http://localhost:4322/node_modules/.vite/deps/toolbar-OWACWLIF.js?v=b22c9922:355:25) @ http://localhost:4322/@vite/client:1540
[  289198ms] [ERROR] [vite] TypeError: Cannot read properties of undefined (reading 'send')
    at Object.send (http://localhost:4322/@vite/client:449:7)
    at Object.send (http://localhost:4322/@vite/client:1512:16)
    at Object.send (http://localhost:4322/@vite/client:318:23)
    at Object.send (http://localhost:4322/@vite/client:396:30)
    at HMRClient.send (http://localhost:4322/@vite/client:157:18)
    at HMRContext.send (http://localhost:4322/@vite/client:119:18)
    at AstroDevToolbar.initApp (http://localhost:4322/node_modules/.vite/deps/toolbar-OWACWLIF.js?v=b22c9922:355:25) @ http://localhost:4322/@vite/client:1540
[  289198ms] [ERROR] [vite] TypeError: Cannot read properties of undefined (reading 'send')
    at Object.send (http://localhost:4322/@vite/client:449:7)
    at Object.send (http://localhost:4322/@vite/client:1512:16)
    at Object.send (http://localhost:4322/@vite/client:318:23)
    at Object.send (http://localhost:4322/@vite/client:396:30)
    at HMRClient.send (http://localhost:4322/@vite/client:157:18)
    at HMRContext.send (http://localhost:4322/@vite/client:119:18)
    at AstroDevToolbar.initApp (http://localhost:4322/node_modules/.vite/deps/toolbar-OWACWLIF.js?v=b22c9922:355:25) @ http://localhost:4322/@vite/client:1540
[  289198ms] [ERROR] [vite] TypeError: Cannot read properties of undefined (reading 'send')
    at Object.send (http://localhost:4322/@vite/client:449:7)
    at Object.send (http://localhost:4322/@vite/client:1512:16)
    at Object.send (http://localhost:4322/@vite/client:318:23)
    at Object.send (http://localhost:4322/@vite/client:396:30)
    at HMRClient.send (http://localhost:4322/@vite/client:157:18)
    at HMRContext.send (http://localhost:4322/@vite/client:119:18)
    at AstroDevToolbar.initApp (http://localhost:4322/node_modules/.vite/deps/toolbar-OWACWLIF.js?v=b22c9922:355:25) @ http://localhost:4322/@vite/client:1540
[  289200ms] [ERROR] Failed to load resource: net::ERR_CONNECTION_REFUSED @ http://localhost:4322/clipboard-history/drobule-small.png:0
[  289201ms] [ERROR] %cAstro background: linear-gradient(66.77deg, #D83333 0%, #F041FF 100%); color: white; padding-inline: 4px; border-radius: 2px; font-family: monospace; Error while running audit's match function: TypeError: Failed to fetch @ http://localhost:4322/node_modules/.vite/deps/chunk-LEX3GG7N.js?v=b22c9922:22
[  289201ms] [ERROR] Failed to load resource: net::ERR_CONNECTION_REFUSED @ http://localhost:4322/clipboard-history/drobule.png:0
[  289201ms] [ERROR] %cAstro background: linear-gradient(66.77deg, #D83333 0%, #F041FF 100%); color: white; padding-inline: 4px; border-radius: 2px; font-family: monospace; Error while running audit's match function: TypeError: Failed to fetch @ http://localhost:4322/node_modules/.vite/deps/chunk-LEX3GG7N.js?v=b22c9922:22
[  289202ms] [ERROR] Failed to load resource: net::ERR_CONNECTION_REFUSED @ http://localhost:4322/clipboard-history/drobule.png:0
[  289202ms] [ERROR] %cAstro background: linear-gradient(66.77deg, #D83333 0%, #F041FF 100%); color: white; padding-inline: 4px; border-radius: 2px; font-family: monospace; Error while running audit's match function: TypeError: Failed to fetch @ http://localhost:4322/node_modules/.vite/deps/chunk-LEX3GG7N.js?v=b22c9922:22
[  289202ms] [ERROR] [vite] TypeError: Cannot read properties of undefined (reading 'send')
    at Object.send (http://localhost:4322/@vite/client:449:7)
    at Object.send (http://localhost:4322/@vite/client:1512:16)
    at Object.send (http://localhost:4322/@vite/client:318:23)
    at Object.send (http://localhost:4322/@vite/client:396:30)
    at HMRClient.send (http://localhost:4322/@vite/client:157:18)
    at HMRContext.send (http://localhost:4322/@vite/client:119:18)
    at AstroDevToolbar.initApp (http://localhost:4322/node_modules/.vite/deps/toolbar-OWACWLIF.js?v=b22c9922:355:25) @ http://localhost:4322/@vite/client:1540
