[   86335ms] [ERROR] WebSocket connection to 'ws://localhost:4321/?token=8yWUlPG8LnLW' failed: Error in connection establishment: net::ERR_CONNECTION_REFUSED @ http://localhost:4321/@vite/client:1476
[   86337ms] [ERROR] WebSocket connection to 'ws://localhost:5173/?token=8yWUlPG8LnLW' failed: Error in connection establishment: net::ERR_CONNECTION_REFUSED @ http://localhost:4321/@vite/client:1486
[   86337ms] [ERROR] [vite] failed to connect to websocket.
your current setup:
  (browser) localhost:4321/ <--[HTTP]--> localhost:5173/ (server)
  (browser) localhost:4321/ <--[WebSocket (failing)]--> localhost:5173/ (server)
Check out your Vite / network configuration and https://vite.dev/config/server-options.html#server-hmr . @ http://localhost:4321/@vite/client:1496
[   86337ms] [ERROR] Failed to load resource: net::ERR_CONNECTION_REFUSED @ http://localhost:4321/clipboard-history/favicon.svg:0
[   86344ms] [ERROR] [vite] TypeError: Cannot read properties of undefined (reading 'send')
    at Object.send (http://localhost:4321/@vite/client:449:7)
    at Object.send (http://localhost:4321/@vite/client:1512:16)
    at Object.send (http://localhost:4321/@vite/client:318:23)
    at Object.send (http://localhost:4321/@vite/client:396:30)
    at HMRClient.send (http://localhost:4321/@vite/client:157:18)
    at HMRContext.send (http://localhost:4321/@vite/client:119:18)
    at AstroDevToolbar.setAppStatus (http://localhost:4321/node_modules/.vite/deps/toolbar-OWACWLIF.js?v=6eb15b3f:440:22)
    at http://localhost:4321/node_modules/.vite/deps/toolbar-OWACWLIF.js?v=6eb15b3f:302:18
    at Array.forEach (<anonymous>)
    at AstroDevToolbar.connectedCallback (http://localhost:4321/node_modules/.vite/deps/toolbar-OWACWLIF.js?v=6eb15b3f:301:15) @ http://localhost:4321/@vite/client:1540
[   86344ms] [ERROR] [vite] TypeError: Cannot read properties of undefined (reading 'send')
    at Object.send (http://localhost:4321/@vite/client:449:7)
    at Object.send (http://localhost:4321/@vite/client:1512:16)
    at Object.send (http://localhost:4321/@vite/client:318:23)
    at Object.send (http://localhost:4321/@vite/client:396:30)
    at HMRClient.send (http://localhost:4321/@vite/client:157:18)
    at HMRContext.send (http://localhost:4321/@vite/client:119:18)
    at AstroDevToolbar.setAppStatus (http://localhost:4321/node_modules/.vite/deps/toolbar-OWACWLIF.js?v=6eb15b3f:440:22)
    at http://localhost:4321/node_modules/.vite/deps/toolbar-OWACWLIF.js?v=6eb15b3f:302:18
    at Array.forEach (<anonymous>)
    at AstroDevToolbar.connectedCallback (http://localhost:4321/node_modules/.vite/deps/toolbar-OWACWLIF.js?v=6eb15b3f:301:15) @ http://localhost:4321/@vite/client:1540
[   86344ms] [ERROR] [vite] TypeError: Cannot read properties of undefined (reading 'send')
    at Object.send (http://localhost:4321/@vite/client:449:7)
    at Object.send (http://localhost:4321/@vite/client:1512:16)
    at Object.send (http://localhost:4321/@vite/client:318:23)
    at Object.send (http://localhost:4321/@vite/client:396:30)
    at HMRClient.send (http://localhost:4321/@vite/client:157:18)
    at HMRContext.send (http://localhost:4321/@vite/client:119:18)
    at AstroDevToolbar.setAppStatus (http://localhost:4321/node_modules/.vite/deps/toolbar-OWACWLIF.js?v=6eb15b3f:440:22)
    at http://localhost:4321/node_modules/.vite/deps/toolbar-OWACWLIF.js?v=6eb15b3f:302:18
    at Array.forEach (<anonymous>)
    at AstroDevToolbar.connectedCallback (http://localhost:4321/node_modules/.vite/deps/toolbar-OWACWLIF.js?v=6eb15b3f:301:15) @ http://localhost:4321/@vite/client:1540
[   86344ms] [ERROR] [vite] TypeError: Cannot read properties of undefined (reading 'send')
    at Object.send (http://localhost:4321/@vite/client:449:7)
    at Object.send (http://localhost:4321/@vite/client:1512:16)
    at Object.send (http://localhost:4321/@vite/client:318:23)
    at Object.send (http://localhost:4321/@vite/client:396:30)
    at HMRClient.send (http://localhost:4321/@vite/client:157:18)
    at HMRContext.send (http://localhost:4321/@vite/client:119:18)
    at AstroDevToolbar.setAppStatus (http://localhost:4321/node_modules/.vite/deps/toolbar-OWACWLIF.js?v=6eb15b3f:440:22)
    at http://localhost:4321/node_modules/.vite/deps/toolbar-OWACWLIF.js?v=6eb15b3f:302:18
    at Array.forEach (<anonymous>)
    at AstroDevToolbar.connectedCallback (http://localhost:4321/node_modules/.vite/deps/toolbar-OWACWLIF.js?v=6eb15b3f:301:15) @ http://localhost:4321/@vite/client:1540
[   86344ms] [ERROR] [vite] TypeError: Cannot read properties of undefined (reading 'send')
    at Object.send (http://localhost:4321/@vite/client:449:7)
    at Object.send (http://localhost:4321/@vite/client:1512:16)
    at Object.send (http://localhost:4321/@vite/client:318:23)
    at Object.send (http://localhost:4321/@vite/client:396:30)
    at HMRClient.send (http://localhost:4321/@vite/client:157:18)
    at HMRContext.send (http://localhost:4321/@vite/client:119:18)
    at AstroDevToolbar.setAppStatus (http://localhost:4321/node_modules/.vite/deps/toolbar-OWACWLIF.js?v=6eb15b3f:440:22)
    at http://localhost:4321/node_modules/.vite/deps/toolbar-OWACWLIF.js?v=6eb15b3f:302:18
    at Array.forEach (<anonymous>)
    at AstroDevToolbar.connectedCallback (http://localhost:4321/node_modules/.vite/deps/toolbar-OWACWLIF.js?v=6eb15b3f:301:15) @ http://localhost:4321/@vite/client:1540
[   86349ms] [ERROR] [vite] TypeError: Cannot read properties of undefined (reading 'send')
    at Object.send (http://localhost:4321/@vite/client:449:7)
    at Object.send (http://localhost:4321/@vite/client:1512:16)
    at Object.send (http://localhost:4321/@vite/client:318:23)
    at Object.send (http://localhost:4321/@vite/client:396:30)
    at HMRClient.send (http://localhost:4321/@vite/client:157:18)
    at HMRContext.send (http://localhost:4321/@vite/client:119:18)
    at AstroDevToolbar.initApp (http://localhost:4321/node_modules/.vite/deps/toolbar-OWACWLIF.js?v=6eb15b3f:355:25) @ http://localhost:4321/@vite/client:1540
[   86350ms] [ERROR] [vite] TypeError: Cannot read properties of undefined (reading 'send')
    at Object.send (http://localhost:4321/@vite/client:449:7)
    at Object.send (http://localhost:4321/@vite/client:1512:16)
    at Object.send (http://localhost:4321/@vite/client:318:23)
    at Object.send (http://localhost:4321/@vite/client:396:30)
    at HMRClient.send (http://localhost:4321/@vite/client:157:18)
    at HMRContext.send (http://localhost:4321/@vite/client:119:18)
    at AstroDevToolbar.initApp (http://localhost:4321/node_modules/.vite/deps/toolbar-OWACWLIF.js?v=6eb15b3f:355:25) @ http://localhost:4321/@vite/client:1540
[   86350ms] [ERROR] [vite] TypeError: Cannot read properties of undefined (reading 'send')
    at Object.send (http://localhost:4321/@vite/client:449:7)
    at Object.send (http://localhost:4321/@vite/client:1512:16)
    at Object.send (http://localhost:4321/@vite/client:318:23)
    at Object.send (http://localhost:4321/@vite/client:396:30)
    at HMRClient.send (http://localhost:4321/@vite/client:157:18)
    at HMRContext.send (http://localhost:4321/@vite/client:119:18)
    at AstroDevToolbar.initApp (http://localhost:4321/node_modules/.vite/deps/toolbar-OWACWLIF.js?v=6eb15b3f:355:25) @ http://localhost:4321/@vite/client:1540
[   86350ms] [ERROR] [vite] TypeError: Cannot read properties of undefined (reading 'send')
    at Object.send (http://localhost:4321/@vite/client:449:7)
    at Object.send (http://localhost:4321/@vite/client:1512:16)
    at Object.send (http://localhost:4321/@vite/client:318:23)
    at Object.send (http://localhost:4321/@vite/client:396:30)
    at HMRClient.send (http://localhost:4321/@vite/client:157:18)
    at HMRContext.send (http://localhost:4321/@vite/client:119:18)
    at AstroDevToolbar.initApp (http://localhost:4321/node_modules/.vite/deps/toolbar-OWACWLIF.js?v=6eb15b3f:355:25) @ http://localhost:4321/@vite/client:1540
[   86352ms] [ERROR] Failed to load resource: net::ERR_CONNECTION_REFUSED @ http://localhost:4321/clipboard-history/drobule.png:0
[   86352ms] [ERROR] %cAstro background: linear-gradient(66.77deg, #D83333 0%, #F041FF 100%); color: white; padding-inline: 4px; border-radius: 2px; font-family: monospace; Error while running audit's match function: TypeError: Failed to fetch @ http://localhost:4321/node_modules/.vite/deps/chunk-LEX3GG7N.js?v=6eb15b3f:22
[   86352ms] [ERROR] [vite] TypeError: Cannot read properties of undefined (reading 'send')
    at Object.send (http://localhost:4321/@vite/client:449:7)
    at Object.send (http://localhost:4321/@vite/client:1512:16)
    at Object.send (http://localhost:4321/@vite/client:318:23)
    at Object.send (http://localhost:4321/@vite/client:396:30)
    at HMRClient.send (http://localhost:4321/@vite/client:157:18)
    at HMRContext.send (http://localhost:4321/@vite/client:119:18)
    at AstroDevToolbar.initApp (http://localhost:4321/node_modules/.vite/deps/toolbar-OWACWLIF.js?v=6eb15b3f:355:25) @ http://localhost:4321/@vite/client:1540
[  103446ms] [ERROR] WebSocket connection to 'ws://localhost:4321/?token=8yWUlPG8LnLW' failed: Error in connection establishment: net::ERR_CONNECTION_REFUSED @ http://localhost:4321/@vite/client:1476
[  103463ms] [ERROR] WebSocket connection to 'ws://localhost:5173/?token=8yWUlPG8LnLW' failed: Error in connection establishment: net::ERR_CONNECTION_REFUSED @ http://localhost:4321/@vite/client:1486
[  103463ms] [ERROR] Failed to load resource: net::ERR_CONNECTION_REFUSED @ http://localhost:4321/clipboard-history/favicon.svg:0
[  103464ms] [ERROR] [vite] failed to connect to websocket.
your current setup:
  (browser) localhost:4321/ <--[HTTP]--> localhost:5173/ (server)
  (browser) localhost:4321/ <--[WebSocket (failing)]--> localhost:5173/ (server)
Check out your Vite / network configuration and https://vite.dev/config/server-options.html#server-hmr . @ http://localhost:4321/@vite/client:1496
[  103464ms] [ERROR] [vite] TypeError: Cannot read properties of undefined (reading 'send')
    at Object.send (http://localhost:4321/@vite/client:449:7)
    at Object.send (http://localhost:4321/@vite/client:1512:16)
    at Object.send (http://localhost:4321/@vite/client:318:23)
    at Object.send (http://localhost:4321/@vite/client:396:30) @ http://localhost:4321/@vite/client:1540
[  103464ms] [ERROR] [vite] TypeError: Cannot read properties of undefined (reading 'send')
    at Object.send (http://localhost:4321/@vite/client:449:7)
    at Object.send (http://localhost:4321/@vite/client:1512:16)
    at Object.send (http://localhost:4321/@vite/client:318:23)
    at Object.send (http://localhost:4321/@vite/client:396:30) @ http://localhost:4321/@vite/client:1540
[  103464ms] [ERROR] [vite] TypeError: Cannot read properties of undefined (reading 'send')
    at Object.send (http://localhost:4321/@vite/client:449:7)
    at Object.send (http://localhost:4321/@vite/client:1512:16)
    at Object.send (http://localhost:4321/@vite/client:318:23)
    at Object.send (http://localhost:4321/@vite/client:396:30) @ http://localhost:4321/@vite/client:1540
[  103464ms] [ERROR] [vite] TypeError: Cannot read properties of undefined (reading 'send')
    at Object.send (http://localhost:4321/@vite/client:449:7)
    at Object.send (http://localhost:4321/@vite/client:1512:16)
    at Object.send (http://localhost:4321/@vite/client:318:23)
    at Object.send (http://localhost:4321/@vite/client:396:30) @ http://localhost:4321/@vite/client:1540
[  103464ms] [ERROR] [vite] TypeError: Cannot read properties of undefined (reading 'send')
    at Object.send (http://localhost:4321/@vite/client:449:7)
    at Object.send (http://localhost:4321/@vite/client:1512:16)
    at Object.send (http://localhost:4321/@vite/client:318:23)
    at Object.send (http://localhost:4321/@vite/client:396:30) @ http://localhost:4321/@vite/client:1540
[  103468ms] [ERROR] [vite] TypeError: Cannot read properties of undefined (reading 'send')
    at Object.send (http://localhost:4321/@vite/client:449:7)
    at Object.send (http://localhost:4321/@vite/client:1512:16)
    at Object.send (http://localhost:4321/@vite/client:318:23)
    at Object.send (http://localhost:4321/@vite/client:396:30)
    at HMRClient.send (http://localhost:4321/@vite/client:157:18)
    at HMRContext.send (http://localhost:4321/@vite/client:119:18)
    at AstroDevToolbar.initApp (http://localhost:4321/node_modules/.vite/deps/toolbar-OWACWLIF.js?v=6eb15b3f:355:25) @ http://localhost:4321/@vite/client:1540
[  103468ms] [ERROR] [vite] TypeError: Cannot read properties of undefined (reading 'send')
    at Object.send (http://localhost:4321/@vite/client:449:7)
    at Object.send (http://localhost:4321/@vite/client:1512:16)
    at Object.send (http://localhost:4321/@vite/client:318:23)
    at Object.send (http://localhost:4321/@vite/client:396:30)
    at HMRClient.send (http://localhost:4321/@vite/client:157:18)
    at HMRContext.send (http://localhost:4321/@vite/client:119:18)
    at AstroDevToolbar.initApp (http://localhost:4321/node_modules/.vite/deps/toolbar-OWACWLIF.js?v=6eb15b3f:355:25) @ http://localhost:4321/@vite/client:1540
[  103468ms] [ERROR] [vite] TypeError: Cannot read properties of undefined (reading 'send')
    at Object.send (http://localhost:4321/@vite/client:449:7)
    at Object.send (http://localhost:4321/@vite/client:1512:16)
    at Object.send (http://localhost:4321/@vite/client:318:23)
    at Object.send (http://localhost:4321/@vite/client:396:30)
    at HMRClient.send (http://localhost:4321/@vite/client:157:18)
    at HMRContext.send (http://localhost:4321/@vite/client:119:18)
    at AstroDevToolbar.initApp (http://localhost:4321/node_modules/.vite/deps/toolbar-OWACWLIF.js?v=6eb15b3f:355:25) @ http://localhost:4321/@vite/client:1540
[  103468ms] [ERROR] [vite] TypeError: Cannot read properties of undefined (reading 'send')
    at Object.send (http://localhost:4321/@vite/client:449:7)
    at Object.send (http://localhost:4321/@vite/client:1512:16)
    at Object.send (http://localhost:4321/@vite/client:318:23)
    at Object.send (http://localhost:4321/@vite/client:396:30)
    at HMRClient.send (http://localhost:4321/@vite/client:157:18)
    at HMRContext.send (http://localhost:4321/@vite/client:119:18)
    at AstroDevToolbar.initApp (http://localhost:4321/node_modules/.vite/deps/toolbar-OWACWLIF.js?v=6eb15b3f:355:25) @ http://localhost:4321/@vite/client:1540
[  103470ms] [ERROR] Failed to load resource: net::ERR_CONNECTION_REFUSED @ http://localhost:4321/clipboard-history/drobule-small.png:0
[  103470ms] [ERROR] %cAstro background: linear-gradient(66.77deg, #D83333 0%, #F041FF 100%); color: white; padding-inline: 4px; border-radius: 2px; font-family: monospace; Error while running audit's match function: TypeError: Failed to fetch @ http://localhost:4321/node_modules/.vite/deps/chunk-LEX3GG7N.js?v=6eb15b3f:22
[  103470ms] [ERROR] Failed to load resource: net::ERR_CONNECTION_REFUSED @ http://localhost:4321/clipboard-history/drobule.png:0
[  103470ms] [ERROR] %cAstro background: linear-gradient(66.77deg, #D83333 0%, #F041FF 100%); color: white; padding-inline: 4px; border-radius: 2px; font-family: monospace; Error while running audit's match function: TypeError: Failed to fetch @ http://localhost:4321/node_modules/.vite/deps/chunk-LEX3GG7N.js?v=6eb15b3f:22
[  103471ms] [ERROR] Failed to load resource: net::ERR_CONNECTION_REFUSED @ http://localhost:4321/clipboard-history/drobule.png:0
[  103471ms] [ERROR] %cAstro background: linear-gradient(66.77deg, #D83333 0%, #F041FF 100%); color: white; padding-inline: 4px; border-radius: 2px; font-family: monospace; Error while running audit's match function: TypeError: Failed to fetch @ http://localhost:4321/node_modules/.vite/deps/chunk-LEX3GG7N.js?v=6eb15b3f:22
[  103471ms] [ERROR] [vite] TypeError: Cannot read properties of undefined (reading 'send')
    at Object.send (http://localhost:4321/@vite/client:449:7)
    at Object.send (http://localhost:4321/@vite/client:1512:16)
    at Object.send (http://localhost:4321/@vite/client:318:23)
    at Object.send (http://localhost:4321/@vite/client:396:30)
    at HMRClient.send (http://localhost:4321/@vite/client:157:18)
    at HMRContext.send (http://localhost:4321/@vite/client:119:18)
    at AstroDevToolbar.initApp (http://localhost:4321/node_modules/.vite/deps/toolbar-OWACWLIF.js?v=6eb15b3f:355:25) @ http://localhost:4321/@vite/client:1540
[  107332ms] [ERROR] Failed to load resource: net::ERR_CONNECTION_REFUSED @ http://localhost:4321/clipboard-history/favicon.svg:0
[  112014ms] [ERROR] Failed to load resource: net::ERR_CONNECTION_REFUSED @ http://localhost:4321/clipboard-history/favicon.svg:0
[  113851ms] [ERROR] Failed to load resource: net::ERR_CONNECTION_REFUSED @ http://localhost:4321/clipboard-history/favicon.svg:0
[  115077ms] [ERROR] Failed to load resource: net::ERR_CONNECTION_REFUSED @ http://localhost:4321/clipboard-history/favicon.svg:0
[  145542ms] [ERROR] Failed to load resource: net::ERR_CONNECTION_REFUSED @ http://localhost:4321/clipboard-history/favicon.svg:0
